Machine-level Assembler Version 6.3    Wed Nov 14 11:34:52 2012

  LOC    OBJ   SOURCE
hex*dec

                        ;                                       lmod7.mas
                        ; Test module for linv1
                        ; Link with lmod8.mas, lmod9.mas
                        ; Generates link error
0  *0    0000           ld     x
1  *1    FFFF           halt
                        extern x
2  *2    ========= end of lmod7.mas ==============================


         Symbol/Cross-Reference Table

Symbol                   Address     References
                          (hex)       (hex)

 x                         ext         2   0  

Input file   = lmod7.mas
Output file  = lmod7.mob
List file    = lmod7.lst 
Number base  = decimal
Label status = case sensitive
